Array
(
    [image] => Array
        (
            [name] => cristobalColor.jpg
            [full_path] => cristobalColor.jpg
            [type] => image/jpeg
            [tmp_name] => D:\xampp\tmp\php8525.tmp
            [error] => 0
            [size] => 17768
        )

    [video] => Array
        (
            [name] => 
            [full_path] => 
            [type] => 
            [tmp_name] => 
            [error] => 4
            [size] => 0
        )

)
Array
(
    [description] => Cristobal
    [mediaType] => image
    [gif] => 
)
Array
(
    [image] => Array
        (
            [name] => cristobalColor.jpg
            [full_path] => cristobalColor.jpg
            [type] => image/jpeg
            [tmp_name] => D:\xampp\tmp\php8524.tmp
            [error] => 0
            [size] => 17768
        )

)
Array
(
    [description] => Cristobal
    [mediaType] => image
)
Array
(
    [image] => Array
        (
            [name] => cristobalColor.jpg
            [full_path] => cristobalColor.jpg
            [type] => image/jpeg
            [tmp_name] => D:\xampp\tmp\php3121.tmp
            [error] => 0
            [size] => 17768
        )

)
Array
(
    [description] => Cristobal
    [mediaType] => image
)
Array
(
    [video] => Array
        (
            [name] => 870ce021a09fcf8bdc0738530fe45e4e.mp4
            [full_path] => 870ce021a09fcf8bdc0738530fe45e4e.mp4
            [type] => video/mp4
            [tmp_name] => D:\xampp\tmp\php21CB.tmp
            [error] => 0
            [size] => 2892887
        )

)
Array
(
    [description] => Bata eu Bata
    [mediaType] => video
)
